make all --print-data-base --no-builtin-variables --no-builtin-rules --question
# GNU Make 3.81
# Copyright (C) 2006  Free Software Foundation, Inc.
# This is free software; see the source for copying conditions.
# There is NO warranty; not even for MERCHANTABILITY or FITNESS FOR A
# PARTICULAR PURPOSE.

# This program built for i386-apple-darwin11.3.0
 

# Make data base, printed on Mon Aug 15 05:04:47 2022

# Variables

# automatic
<D = $(patsubst %/,%,$(dir $<))
# automatic
?F = $(notdir $?)
# makefile (from `Makefile', line 65)
OBJ = $(addprefix objects/, $(FILE_C:%.c=%.o))
# automatic
?D = $(patsubst %/,%,$(dir $?))
# automatic
@D = $(patsubst %/,%,$(dir $@))
# automatic
@F = $(notdir $@)
# makefile
CURDIR := /Users/regina/Desktop/Minishell3
# makefile
SHELL = /bin/sh
# makefile (from `Makefile', line 29)
RM = rm -rf
# environment
VSCODE_NLS_CONFIG = {"locale":"en-gb","availableLanguages":{},"_languagePackSupport":true}
# environment
_ = /usr/bin/make
# makefile (from `Makefile', line 25)
CFLAGS = -I include -Wall -Wextra -Werror -fsanitize=address -g
# makefile (from `Makefile', line 1)
MAKEFILE_LIST :=  Makefile
# makefile (from `Makefile', line 60)
FILE_C = main.c $(addprefix parser/, pars_envp.c lexer.c lexer_spec_symbol_token.c lexer_add_quote_token.c syntax_error.c) $(addprefix execution/, execution.c) $(addprefix utils/, key_value_lstcreate.c key_value_lstfunction.c key_value_lstclear.c envp_list_to_chararray.c array_operations.c destructor.c) $(addprefix builtins/, utils.c find_builtin.c ft_echo.c ft_pwd.c ft_cd.c) $(addprefix signals/, signal.c)
# environment
__CFBundleIdentifier = com.microsoft.VSCode
# environment
INFOPATH = /opt/homebrew/share/info:
# environment
VSCODE_CWD = /
# environment
PATH = /Users/regina/opt/anaconda3/bin:/Users/regina/opt/anaconda3/condabin:/Library/Frameworks/Python.framework/Versions/3.9/bin:/opt/homebrew/bin:/opt/homebrew/sbin:/usr/local/bin:/usr/bin:/bin:/usr/sbin:/sbin:/Users/regina/opt/anaconda3/bin:/Users/regina/opt/anaconda3/condabin:/Users/regina/opt/anaconda3/lib/python3.9/site-packages:/Library/Frameworks/Python.framework/Versions/3.9/bin:/opt/homebrew/bin:/opt/homebrew/sbin:/Library/Frameworks/Mono.framework/Versions/Current/Commands:/Users/regina/Library/VisualStudio:/usr/local/share/dotnet:~/.dotnet/tools
# environment
ELECTRON_RUN_AS_NODE = 1
# makefile (from `Makefile', line 27)
LDFLAGS = -lreadline -L/Users/$(USER)/.brew/opt/readline/lib
# default
.FEATURES := target-specific order-only second-expansion else-if archives jobserver check-symlink
# environment
SSH_AUTH_SOCK = /private/tmp/com.apple.launchd.bYulH6iDXW/Listeners
# automatic
%F = $(notdir $%)
# environment
CONDA_EXE = /Users/regina/opt/anaconda3/bin/conda
# environment
PWD = /Users/regina/Desktop/Minishell3
# environment
HOMEBREW_CELLAR = /opt/homebrew/Cellar
# environment
ORIGINAL_XDG_CURRENT_DESKTOP = undefined
# environment
MANPATH = /opt/homebrew/share/man::
# environment
VSCODE_AMD_ENTRYPOINT = vs/workbench/api/node/extensionHostProcess
# environment
HOME = /Users/regina
# default
MAKEFILEPATH = $(shell /usr/bin/xcode-select -print-path 2>/dev/null || echo /Developer)/Makefiles
# environment
VSCODE_CODE_CACHE_PATH = /Users/regina/Library/Application Support/Code/CachedData/6d9b74a70ca9c7733b29f0456fd8195364076dda
# environment
LOGNAME = regina
# environment
APPLICATION_INSIGHTS_NO_DIAGNOSTIC_CHANNEL = true
# environment
CONDA_PROMPT_MODIFIER = (base) 
# environment
VSCODE_HANDLES_UNCAUGHT_ERRORS = true
# automatic
^D = $(patsubst %/,%,$(dir $^))
# environment
CONDA_DEFAULT_ENV = base
# environment
XPC_FLAGS = 0x0
# default
MAKE = $(MAKE_COMMAND)
# default
MAKECMDGOALS := all
# makefile (from `Makefile', line 63)
SRCS = $(addprefix src/, $(FILE_C))
# environment
SHLVL = 1
# makefile (from `Makefile', line 31)
LIBFT = ./libft/libft.a
# default
MAKE_VERSION := 3.81
# environment
USER = regina
# makefile
.DEFAULT_GOAL := all
# makefile (from `Makefile', line 15)
NAME = minishell
# automatic
%D = $(patsubst %/,%,$(dir $%))
# makefile (from `Makefile', line 67)
FOLDER = $(sort $(dir objects/ $(OBJ)))
# environment
CONDA_SHLVL = 1
# default
MAKE_COMMAND := /Library/Developer/CommandLineTools/usr/bin/make
# default
.VARIABLES := 
# environment
TMPDIR = /var/folders/2n/dcs1mf5j6f74h0rtl1fw6z3c0000gn/T/
# automatic
*F = $(notdir $*)
# environment
VSCODE_IPC_HOOK = /Users/regina/Library/Application Support/Code/1.70.1-main.sock
# environment
MallocNanoZone = 0
# makefile
MAKEFLAGS = Rrqp
# environment
MFLAGS = -Rrqp
# automatic
*D = $(patsubst %/,%,$(dir $*))
# environment
XPC_SERVICE_NAME = application.com.microsoft.VSCode.8539882.8539888
# environment
HOMEBREW_PREFIX = /opt/homebrew
# automatic
+D = $(patsubst %/,%,$(dir $+))
# automatic
+F = $(notdir $+)
# environment
HOMEBREW_REPOSITORY = /opt/homebrew
# environment
__CF_USER_TEXT_ENCODING = 0x1F5:0x0:0x0
# environment
COMMAND_MODE = unix2003
# default
MAKEFILES := 
# automatic
<F = $(notdir $<)
# environment
LC_ALL = C
# environment
CONDA_PYTHON_EXE = /Users/regina/opt/anaconda3/bin/python
# makefile (from `Makefile', line 17)
HEADER = $(addprefix include/, minishell.h parser.h execution.h)
# automatic
^F = $(notdir $^)
# default
SUFFIXES := 
# environment
_CE_M = 
# default
.INCLUDE_DIRS = /usr/local/include
# environment
MAKELEVEL := 0
# environment
CONDA_PREFIX = /Users/regina/opt/anaconda3
# environment
VSCODE_PID = 59978
# environment
_CE_CONDA = 
# environment
LANG = C
# variable set hash-table stats:
# Load=81/1024=8%, Rehash=0, Collisions=6/138=4%

# Pattern-specific Variable Values

# No pattern-specific variable values.

# Directories

# include (device 16777231, inode 8768911): 5 files, no impossibilities so far.
# . (device 16777231, inode 8768843): 17 files, no impossibilities.
# src/utils (device 16777231, inode 8768971): 8 files, no impossibilities so far.
# src/execution (device 16777231, inode 8769131): 3 files, no impossibilities so far.
# src (device 16777231, inode 8768961): 7 files, no impossibilities so far.
# src/parser (device 16777231, inode 8768965): 7 files, no impossibilities so far.
# libft (device 16777231, inode 8768915): No files, no impossibilities so far.
# src/builtins (device 16777231, inode 8769083): 7 files, no impossibilities so far.

# 54 files, no impossibilities in 8 directories.

# Implicit Rules

objects/%.o: ./src/%.c include/minishell.h include/parser.h include/execution.h Makefile ./libft/Makefile
#  commands to execute (from `Makefile', line 84):
	$(CC) $(CFLAGS) -I$(shell brew --prefix readline)/include -c $< -o $@
	

# 1 implicit rules, 0 (0.0%) terminal.

# Files

objects/parser/lexer_add_quote_token.o: src/parser/lexer_add_quote_token.c include/minishell.h include/parser.h include/execution.h Makefile libft/Makefile
#  Implicit rule search has been done.
#  Implicit/static pattern stem: `parser/lexer_add_quote_token'
#  Last modified 2022-08-15 04:00:35
#  File has been updated.
#  Successfully updated.
# variable set hash-table stats:
# Load=0/32=0%, Rehash=0, Collisions=0/0=0%
#  commands to execute (from `Makefile', line 84):
	$(CC) $(CFLAGS) -I$(shell brew --prefix readline)/include -c $< -o $@
	

objects/parser/lexer_spec_symbol_token.o: src/parser/lexer_spec_symbol_token.c include/minishell.h include/parser.h include/execution.h Makefile libft/Makefile
#  Implicit rule search has been done.
#  Implicit/static pattern stem: `parser/lexer_spec_symbol_token'
#  Last modified 2022-08-15 04:00:35
#  File has been updated.
#  Successfully updated.
# variable set hash-table stats:
# Load=0/32=0%, Rehash=0, Collisions=0/0=0%
#  commands to execute (from `Makefile', line 84):
	$(CC) $(CFLAGS) -I$(shell brew --prefix readline)/include -c $< -o $@
	

objects/:
#  Implicit rule search has not been done.
#  Last modified 2022-08-15 04:01:44
#  File has been updated.
#  Successfully updated.
#  commands to execute (from `Makefile', line 81):
	mkdir -p $@
	

objects/signals/:
#  Implicit rule search has not been done.
#  Last modified 2022-08-15 04:00:35
#  File has been updated.
#  Successfully updated.
#  commands to execute (from `Makefile', line 81):
	mkdir -p $@
	

# Not a target:
src/parser/lexer.c:
#  Implicit rule search has been done.
#  Last modified 2022-08-15 02:16:04
#  File has been updated.
#  Successfully updated.
# variable set hash-table stats:
# Load=0/32=0%, Rehash=0, Collisions=0/0=0%

all: objects/ objects/builtins/ objects/execution/ objects/parser/ objects/signals/ objects/utils/ minishell
#  Phony target (prerequisite of .PHONY).
 
#  Command-line target.
#  Implicit rule search has not been done.
#  File does not exist.
#  File has been updated.
#  Needs to be updated (-q is set).
# variable set hash-table stats:
# Load=0/32=0%, Rehash=0, Collisions=0/6=0%

# Not a target:
include/minishell.h:
#  Implicit rule search has been done.
#  Last modified 2022-08-15 04:00:16
#  File has been updated.
#  Successfully updated.
# variable set hash-table stats:
# Load=0/32=0%, Rehash=0, Collisions=0/0=0%

objects/parser/pars_envp.o: src/parser/pars_envp.c include/minishell.h include/parser.h include/execution.h Makefile libft/Makefile
#  Implicit rule search has been done.
#  Implicit/static pattern stem: `parser/pars_envp'
#  Last modified 2022-08-15 04:00:34
#  File has been updated.
#  Successfully updated.
# variable set hash-table stats:
# Load=0/32=0%, Rehash=0, Collisions=0/0=0%
#  commands to execute (from `Makefile', line 84):
	$(CC) $(CFLAGS) -I$(shell brew --prefix readline)/include -c $< -o $@
	

objects/utils/key_value_lstcreate.o: src/utils/key_value_lstcreate.c include/minishell.h include/parser.h include/execution.h Makefile libft/Makefile
#  Implicit rule search has been done.
#  Implicit/static pattern stem: `utils/key_value_lstcreate'
#  Last modified 2022-08-15 04:00:35
#  File has been updated.
#  Successfully updated.
# variable set hash-table stats:
# Load=0/32=0%, Rehash=0, Collisions=0/0=0%
#  commands to execute (from `Makefile', line 84):
	$(CC) $(CFLAGS) -I$(shell brew --prefix readline)/include -c $< -o $@
	

# Not a target:
src/builtins/ft_echo.c:
#  Implicit rule search has been done.
#  Last modified 2022-08-15 05:04:21
#  File has been updated.
#  Successfully updated.
# variable set hash-table stats:
# Load=0/32=0%, Rehash=0, Collisions=0/0=0%

.PHONY: all clean fclean re
#  Implicit rule search has not been done.
#  Modification time never checked.
#  File has not been updated.

# Not a target:
src/execution/execution.c:
#  Implicit rule search has been done.
#  Last modified 2022-08-15 02:16:04
#  File has been updated.
#  Successfully updated.
# variable set hash-table stats:
# Load=0/32=0%, Rehash=0, Collisions=0/0=0%

objects/utils/:
#  Implicit rule search has not been done.
#  Last modified 2022-08-15 04:00:35
#  File has been updated.
#  Successfully updated.
#  commands to execute (from `Makefile', line 81):
	mkdir -p $@
	

# Not a target:
src/utils/array_operations.c:
#  Implicit rule search has been done.
#  Last modified 2022-08-15 02:21:00
#  File has been updated.
#  Successfully updated.
# variable set hash-table stats:
# Load=0/32=0%, Rehash=0, Collisions=0/0=0%

# Not a target:
objects/builtins/ft_cd.o:
#  Implicit rule search has not been done.
#  Modification time never checked.
#  File has not been updated.

objects/execution/:
#  Implicit rule search has not been done.
#  Last modified 2022-08-15 04:00:35
#  File has been updated.
#  Successfully updated.
#  commands to execute (from `Makefile', line 81):
	mkdir -p $@
	

# Not a target:
src/builtins/utils.c:
#  Implicit rule search has been done.
#  Last modified 2022-08-15 02:15:28
#  File has been updated.
#  Successfully updated.
# variable set hash-table stats:
# Load=0/32=0%, Rehash=0, Collisions=0/0=0%

# Not a target:
src/parser/lexer_add_quote_token.c:
#  Implicit rule search has been done.
#  Last modified 2022-08-15 02:16:04
#  File has been updated.
#  Successfully updated.
# variable set hash-table stats:
# Load=0/32=0%, Rehash=0, Collisions=0/0=0%

# Not a target:
.SUFFIXES:
#  Implicit rule search has not been done.
#  Modification time never checked.
#  File has not been updated.

# Not a target:
Makefile:
#  Implicit rule search has been done.
#  Last modified 2022-08-15 03:57:23
#  File has been updated.
#  Successfully updated.
# variable set hash-table stats:
# Load=0/32=0%, Rehash=0, Collisions=0/0=0%

# Not a target:
src/utils/destructor.c:
#  Implicit rule search has been done.
#  Last modified 2022-08-15 02:15:02
#  File has been updated.
#  Successfully updated.
# variable set hash-table stats:
# Load=0/32=0%, Rehash=0, Collisions=0/0=0%

# Not a target:
include/parser.h:
#  Implicit rule search has been done.
#  Last modified 2022-08-15 02:16:04
#  File has been updated.
#  Successfully updated.
# variable set hash-table stats:
# Load=0/32=0%, Rehash=0, Collisions=0/0=0%

objects/builtins/:
#  Implicit rule search has not been done.
#  Last modified 2022-08-15 04:00:35
#  File has been updated.
#  Successfully updated.
#  commands to execute (from `Makefile', line 81):
	mkdir -p $@
	

# Not a target:
src/utils/envp_list_to_chararray.c:
#  Implicit rule search has been done.
#  Last modified 2022-08-15 02:15:02
#  File has been updated.
#  Successfully updated.
# variable set hash-table stats:
# Load=0/32=0%, Rehash=0, Collisions=0/0=0%

# Not a target:
objects/signals/signal.o:
#  Implicit rule search has not been done.
#  Modification time never checked.
#  File has not been updated.

# Not a target:
src/builtins/find_builtin.c:
#  Implicit rule search has been done.
#  Last modified 2022-08-15 02:15:28
#  File has been updated.
#  Successfully updated.
# variable set hash-table stats:
# Load=0/32=0%, Rehash=0, Collisions=0/0=0%

objects/parser/lexer.o: src/parser/lexer.c include/minishell.h include/parser.h include/execution.h Makefile libft/Makefile
#  Implicit rule search has been done.
#  Implicit/static pattern stem: `parser/lexer'
#  Last modified 2022-08-15 04:00:34
#  File has been updated.
#  Successfully updated.
# variable set hash-table stats:
# Load=0/32=0%, Rehash=0, Collisions=0/0=0%
#  commands to execute (from `Makefile', line 84):
	$(CC) $(CFLAGS) -I$(shell brew --prefix readline)/include -c $< -o $@
	

# Not a target:
libft/Makefile:
#  Implicit rule search has been done.
#  Last modified 2022-08-15 02:15:02
#  File has been updated.
#  Successfully updated.
# variable set hash-table stats:
# Load=0/32=0%, Rehash=0, Collisions=0/0=0%

minishell: objects/main.o objects/parser/pars_envp.o objects/parser/lexer.o objects/parser/lexer_spec_symbol_token.o objects/parser/lexer_add_quote_token.o objects/parser/syntax_error.o objects/execution/execution.o objects/utils/key_value_lstcreate.o objects/utils/key_value_lstfunction.o objects/utils/key_value_lstclear.o objects/utils/envp_list_to_chararray.o objects/utils/array_operations.o objects/utils/destructor.o objects/builtins/utils.o objects/builtins/find_builtin.o objects/builtins/ft_echo.o objects/builtins/ft_pwd.o objects/builtins/ft_cd.o objects/signals/signal.o libft/libft.a
#  Implicit rule search has not been done.
#  Last modified 2022-08-15 04:01:44
#  File has been updated.
#  Needs to be updated (-q is set).
# variable set hash-table stats:
# Load=0/32=0%, Rehash=0, Collisions=0/6=0%
#  commands to execute (from `Makefile', line 72):
	$(CC) $(LDFLAGS) $(CFLAGS) $(LIBFT) -L$(shell brew --prefix readline)/lib $(OBJ) -o $(NAME)
	

objects/builtins/ft_echo.o: src/builtins/ft_echo.c include/minishell.h include/parser.h include/execution.h Makefile libft/Makefile
#  Implicit rule search has been done.
#  Implicit/static pattern stem: `builtins/ft_echo'
#  Last modified 2022-08-15 04:00:35
#  File has been updated.
#  Needs to be updated (-q is set).
# automatic
# @ := objects/builtins/ft_echo.o
# automatic
# % := 
# automatic
# * := builtins/ft_echo
# automatic
# + := src/builtins/ft_echo.c include/minishell.h include/parser.h include/execution.h Makefile libft/Makefile
# automatic
# | := 
# automatic
# < := src/builtins/ft_echo.c
# automatic
# ^ := src/builtins/ft_echo.c include/minishell.h include/parser.h include/execution.h Makefile libft/Makefile
# automatic
# ? := src/builtins/ft_echo.c
# variable set hash-table stats:
# Load=8/32=25%, Rehash=0, Collisions=1/16=6%
#  commands to execute (from `Makefile', line 84):
	$(CC) $(CFLAGS) -I$(shell brew --prefix readline)/include -c $< -o $@
	

libft/libft.a: libft_obj libft/Makefile
#  Implicit rule search has not been done.
#  Modification time never checked.
#  File has not been updated.
#  commands to execute (from `Makefile', line 75):
	make -C ./libft
	

 
objects/execution/execution.o: src/execution/execution.c include/minishell.h include/parser.h include/execution.h Makefile libft/Makefile
#  Implicit rule search has been done.
#  Implicit/static pattern stem: `execution/execution'
#  Last modified 2022-08-15 04:00:35
#  File has been updated.
#  Successfully updated.
# variable set hash-table stats:
# Load=0/32=0%, Rehash=0, Collisions=0/0=0%
#  commands to execute (from `Makefile', line 84):
	$(CC) $(CFLAGS) -I$(shell brew --prefix readline)/include -c $< -o $@
	

# Not a target:
src/utils/key_value_lstfunction.c:
#  Implicit rule search has been done.
#  Last modified 2022-08-15 02:16:04
#  File has been updated.
#  Successfully updated.
# variable set hash-table stats:
# Load=0/32=0%, Rehash=0, Collisions=0/0=0%

fclean: clean
#  Phony target (prerequisite of .PHONY).
#  Implicit rule search has not been done.
#  File does not exist.
#  File has not been updated.
#  commands to execute (from `Makefile', line 93):
	$(RM) $(NAME)
	make fclean -C ./libft
	

# Not a target:
src/utils/key_value_lstclear.c:
#  Implicit rule search has been done.
#  Last modified 2022-08-15 02:15:02
#  File has been updated.
#  Successfully updated.
# variable set hash-table stats:
# Load=0/32=0%, Rehash=0, Collisions=0/0=0%

# Not a target:
src/main.c:
#  Implicit rule search has been done.
#  Last modified 2022-08-15 04:01:41
#  File has been updated.
#  Successfully updated.
# variable set hash-table stats:
# Load=0/32=0%, Rehash=0, Collisions=0/0=0%

objects/builtins/utils.o: src/builtins/utils.c include/minishell.h include/parser.h include/execution.h Makefile libft/Makefile
#  Implicit rule search has been done.
#  Implicit/static pattern stem: `builtins/utils'
#  Last modified 2022-08-15 04:00:35
#  File has been updated.
#  Successfully updated.
# variable set hash-table stats:
# Load=0/32=0%, Rehash=0, Collisions=0/0=0%
#  commands to execute (from `Makefile', line 84):
	$(CC) $(CFLAGS) -I$(shell brew --prefix readline)/include -c $< -o $@
	

objects/parser/:
#  Implicit rule search has not been done.
#  Last modified 2022-08-15 04:00:35
#  File has been updated.
#  Successfully updated.
#  commands to execute (from `Makefile', line 81):
	mkdir -p $@
	

objects/utils/destructor.o: src/utils/destructor.c include/minishell.h include/parser.h include/execution.h Makefile libft/Makefile
#  Implicit rule search has been done.
#  Implicit/static pattern stem: `utils/destructor'
#  Last modified 2022-08-15 04:00:35
#  File has been updated.
#  Successfully updated.
# variable set hash-table stats:
# Load=0/32=0%, Rehash=0, Collisions=0/0=0%
#  commands to execute (from `Makefile', line 84):
	$(CC) $(CFLAGS) -I$(shell brew --prefix readline)/include -c $< -o $@
	

# Not a target:
.DEFAULT:
#  Implicit rule search has not been done.
#  Modification time never checked.
#  File has not been updated.

# Not a target:
src/parser/syntax_error.c:
#  Implicit rule search has been done.
#  Last modified 2022-08-15 02:16:04
#  File has been updated.
#  Successfully updated.
# variable set hash-table stats:
# Load=0/32=0%, Rehash=0, Collisions=0/0=0%

objects/utils/envp_list_to_chararray.o: src/utils/envp_list_to_chararray.c include/minishell.h include/parser.h include/execution.h Makefile libft/Makefile
#  Implicit rule search has been done.
#  Implicit/static pattern stem: `utils/envp_list_to_chararray'
#  Last modified 2022-08-15 04:00:35
#  File has been updated.
#  Successfully updated.
# variable set hash-table stats:
# Load=0/32=0%, Rehash=0, Collisions=0/0=0%
#  commands to execute (from `Makefile', line 84):
	$(CC) $(CFLAGS) -I$(shell brew --prefix readline)/include -c $< -o $@
	

re: fclean all
#  Phony target (prerequisite of .PHONY).
#  Implicit rule search has not been done.
#  File does not exist.
#  File has not been updated.

libft_obj:
#  Implicit rule search has not been done.
#  Modification time never checked.
#  File has not been updated.
#  commands to execute (from `Makefile', line 78):
	mkdir libft_obj
	

objects/builtins/find_builtin.o: src/builtins/find_builtin.c include/minishell.h include/parser.h include/execution.h Makefile libft/Makefile
#  Implicit rule search has been done.
#  Implicit/static pattern stem: `builtins/find_builtin'
#  Last modified 2022-08-15 04:00:35
#  File has been updated.
#  Successfully updated.
# variable set hash-table stats:
# Load=0/32=0%, Rehash=0, Collisions=0/0=0%
#  commands to execute (from `Makefile', line 84):
	$(CC) $(CFLAGS) -I$(shell brew --prefix readline)/include -c $< -o $@
	

clean:
#  Phony target (prerequisite of .PHONY).
#  Implicit rule search has not been done.
#  File does not exist.
#  File has not been updated.
#  commands to execute (from `Makefile', line 87):
	$(RM) $(OBJ)
	$(RM) $(FOLDER)
	make clean -C ./libft
	$(RM) libft_obj
	

# Not a target:
src/parser/lexer_spec_symbol_token.c:
#  Implicit rule search has been done.
#  Last modified 2022-08-15 02:16:04
#  File has been updated.
#  Successfully updated.
# variable set hash-table stats:
# Load=0/32=0%, Rehash=0, Collisions=0/0=0%

objects/utils/key_value_lstfunction.o: src/utils/key_value_lstfunction.c include/minishell.h include/parser.h include/execution.h Makefile libft/Makefile
#  Implicit rule search has been done.
#  Implicit/static pattern stem: `utils/key_value_lstfunction'
#  Last modified 2022-08-15 04:00:35
#  File has been updated.
#  Successfully updated.
# variable set hash-table stats:
# Load=0/32=0%, Rehash=0, Collisions=0/0=0%
#  commands to execute (from `Makefile', line 84):
	$(CC) $(CFLAGS) -I$(shell brew --prefix readline)/include -c $< -o $@
	

objects/utils/key_value_lstclear.o: src/utils/key_value_lstclear.c include/minishell.h include/parser.h include/execution.h Makefile libft/Makefile
#  Implicit rule search has been done.
#  Implicit/static pattern stem: `utils/key_value_lstclear'
#  Last modified 2022-08-15 04:00:35
#  File has been updated.
#  Successfully updated.
# variable set hash-table stats:
# Load=0/32=0%, Rehash=0, Collisions=0/0=0%
#  commands to execute (from `Makefile', line 84):
	$(CC) $(CFLAGS) -I$(shell brew --prefix readline)/include -c $< -o $@
	

objects/main.o: src/main.c include/minishell.h include/parser.h include/execution.h Makefile libft/Makefile
#  Implicit rule search has been done.
#  Implicit/static pattern stem: `main'
#  Last modified 2022-08-15 04:01:44
#  File has been updated.
#  Successfully updated.
# variable set hash-table stats:
# Load=0/32=0%, Rehash=0, Collisions=0/0=0%
#  commands to execute (from `Makefile', line 84):
	$(CC) $(CFLAGS) -I$(shell brew --prefix readline)/include -c $< -o $@
	

# Not a target:
src/parser/pars_envp.c:
#  Implicit rule search has been done.
#  Last modified 2022-08-15 02:16:04
#  File has been updated.
#  Successfully updated.
# variable set hash-table stats:
# Load=0/32=0%, Rehash=0, Collisions=0/0=0%

# Not a target:
src/utils/key_value_lstcreate.c:
#  Implicit rule search has been done.
#  Last modified 2022-08-15 02:16:04
#  File has been updated.
#  Successfully updated.
# variable set hash-table stats:
# Load=0/32=0%, Rehash=0, Collisions=0/0=0%

objects/utils/array_operations.o: src/utils/array_operations.c include/minishell.h include/parser.h include/execution.h Makefile libft/Makefile
#  Implicit rule search has been done.
#  Implicit/static pattern stem: `utils/array_operations'
#  Last modified 2022-08-15 04:00:35
#  File has been updated.
#  Successfully updated.
# variable set hash-table stats:
# Load=0/32=0%, Rehash=0, Collisions=0/0=0%
#  commands to execute (from `Makefile', line 84):
	$(CC) $(CFLAGS) -I$(shell brew --prefix readline)/include -c $< -o $@
	

# Not a target:
objects/builtins/ft_pwd.o:
#  Implicit rule search has not been done.
#  Modification time never checked.
#  File has not been updated.

objects/parser/syntax_error.o: src/parser/syntax_error.c include/minishell.h include/parser.h include/execution.h Makefile libft/Makefile
#  Implicit rule search has been done.
#  Implicit/static pattern stem: `parser/syntax_error'
#  Last modified 2022-08-15 04:00:35
#  File has been updated.
#  Successfully updated.
# variable set hash-table stats:
 
# Load=0/32=0%, Rehash=0, Collisions=0/0=0%
#  commands to execute (from `Makefile', line 84):
	$(CC) $(CFLAGS) -I$(shell brew --prefix readline)/include -c $< -o $@
	

# Not a target:
include/execution.h:
#  Implicit rule search has been done.
#  Last modified 2022-08-15 02:16:04
#  File has been updated.
#  Successfully updated.
# variable set hash-table stats:
# Load=0/32=0%, Rehash=0, Collisions=0/0=0%

# files hash-table stats:
# Load=56/1024=5%, Rehash=0, Collisions=5/313=2%
# VPATH Search Paths

# No `vpath' search paths.

# No general (`VPATH' variable) search path.

# # of strings in strcache: 1
# # of strcache buffers: 1
# strcache size: total = 4096 / max = 4096 / min = 4096 / avg = 4096
# strcache free: total = 4087 / max = 4087 / min = 4087 / avg = 4087

# Finished Make data base on Mon Aug 15 05:04:47 2022

 
